::1 - - [20/Dec/2019:01:17:01 +0000] "POST /login HTTP/1.1" 200 504 "-" "PostmanRuntime/7.20.1"
::1 - - [20/Dec/2019:01:27:28 +0000] "POST /login HTTP/1.1" 200 504 "-" "PostmanRuntime/7.20.1"
::1 - - [20/Dec/2019:02:06:52 +0000] "PATCH /users/5dfb2127dfc55373765955ba HTTP/1.1" 500 27 "-" "PostmanRuntime/7.20.1"
::1 - - [20/Dec/2019:02:07:06 +0000] "PATCH /users/5dfb2127dfc55373765955ba HTTP/1.1" 401 38 "-" "PostmanRuntime/7.20.1"
::1 - - [20/Dec/2019:02:08:17 +0000] "PATCH /users/5dfb2127dfc55373765955ba HTTP/1.1" 401 38 "-" "PostmanRuntime/7.20.1"
::1 - - [20/Dec/2019:02:08:37 +0000] "PATCH /users/5dfb213fdfc55373765955bb HTTP/1.1" 401 38 "-" "PostmanRuntime/7.20.1"
::1 - - [20/Dec/2019:02:09:20 +0000] "PATCH /users/5dfb213fdfc55373765955bb HTTP/1.1" 401 38 "-" "PostmanRuntime/7.20.1"
::1 - - [20/Dec/2019:02:09:29 +0000] "PATCH /users/5dfb213fdfc55373765955bb HTTP/1.1" 500 27 "-" "PostmanRuntime/7.20.1"
::1 - - [20/Dec/2019:02:09:34 +0000] "PATCH /users/5dfb213fdfc55373765955bb HTTP/1.1" 401 38 "-" "PostmanRuntime/7.20.1"
::1 - - [20/Dec/2019:02:11:47 +0000] "PATCH /users/5dfb213fdfc55373765955bb HTTP/1.1" 401 38 "-" "PostmanRuntime/7.20.1"
::1 - - [20/Dec/2019:02:13:58 +0000] "PATCH /users/5dfb213fdfc55373765955bb HTTP/1.1" 401 38 "-" "PostmanRuntime/7.20.1"
::1 - - [20/Dec/2019:02:15:05 +0000] "PATCH /users/5dfb213fdfc55373765955bb HTTP/1.1" 200 35 "-" "PostmanRuntime/7.20.1"
::1 - - [20/Dec/2019:02:17:19 +0000] "PATCH /users/5dfb213fdfc55373765955bb HTTP/1.1" 401 38 "-" "PostmanRuntime/7.20.1"
::1 - - [20/Dec/2019:02:18:53 +0000] "PATCH /users/5dfb213fdfc55373765955bb HTTP/1.1" 401 38 "-" "PostmanRuntime/7.20.1"
::1 - - [20/Dec/2019:02:24:46 +0000] "PATCH /users/5dfb213fdfc55373765955bb HTTP/1.1" 401 38 "-" "PostmanRuntime/7.20.1"
::1 - - [20/Dec/2019:02:25:15 +0000] "POST /login HTTP/1.1" 200 504 "-" "PostmanRuntime/7.20.1"
::1 - - [20/Dec/2019:02:25:35 +0000] "PATCH /users/5dfb213fdfc55373765955bb HTTP/1.1" 401 38 "-" "PostmanRuntime/7.20.1"
::1 - - [20/Dec/2019:02:27:01 +0000] "PATCH /users/5dfb213fdfc55373765955bb HTTP/1.1" 401 38 "-" "PostmanRuntime/7.20.1"
::1 - - [20/Dec/2019:02:27:11 +0000] "POST /login HTTP/1.1" 200 504 "-" "PostmanRuntime/7.20.1"
::1 - - [20/Dec/2019:02:27:29 +0000] "PATCH /users/5dfb213fdfc55373765955bb HTTP/1.1" 401 38 "-" "PostmanRuntime/7.20.1"
::1 - - [20/Dec/2019:02:30:05 +0000] "PATCH /users/5dfb213fdfc55373765955bb HTTP/1.1" 401 38 "-" "PostmanRuntime/7.20.1"
::1 - - [20/Dec/2019:02:30:12 +0000] "PATCH /users/5dfb213fdfc55373765955bb HTTP/1.1" 500 27 "-" "PostmanRuntime/7.20.1"
::1 - - [20/Dec/2019:02:30:14 +0000] "PATCH /users/5dfb213fdfc55373765955bb HTTP/1.1" 401 38 "-" "PostmanRuntime/7.20.1"
::1 - - [20/Dec/2019:02:30:41 +0000] "PATCH /users/5dfb213fdfc55373765955bb HTTP/1.1" 401 38 "-" "PostmanRuntime/7.20.1"
::1 - - [20/Dec/2019:02:32:14 +0000] "PATCH /users/5dfb213fdfc55373765955bb HTTP/1.1" 401 38 "-" "PostmanRuntime/7.20.1"
::1 - - [20/Dec/2019:02:32:43 +0000] "PATCH /users/5dfb213fdfc55373765955bb HTTP/1.1" 401 38 "-" "PostmanRuntime/7.20.1"
::1 - - [20/Dec/2019:02:32:56 +0000] "PATCH /users/5dfb213fdfc55373765955bb HTTP/1.1" 401 30 "-" "PostmanRuntime/7.20.1"
::1 - - [20/Dec/2019:02:34:57 +0000] "PATCH /users/5dfb213fdfc55373765955bb HTTP/1.1" 401 30 "-" "PostmanRuntime/7.20.1"
::1 - - [20/Dec/2019:02:35:57 +0000] "PATCH /users/5dfb213fdfc55373765955bb HTTP/1.1" 401 30 "-" "PostmanRuntime/7.20.1"
::1 - - [20/Dec/2019:02:36:55 +0000] "PATCH /users/5dfb213fdfc55373765955bb HTTP/1.1" 401 30 "-" "PostmanRuntime/7.20.1"
::1 - - [20/Dec/2019:02:37:06 +0000] "PATCH /users/5dfb213fdfc55373765955bb HTTP/1.1" 401 30 "-" "PostmanRuntime/7.20.1"
::1 - - [20/Dec/2019:02:37:41 +0000] "PATCH /users/5dfb213fdfc55373765955bb HTTP/1.1" 401 30 "-" "PostmanRuntime/7.20.1"
::1 - - [20/Dec/2019:02:37:51 +0000] "PATCH /users/5dfb213fdfc55373765955bb HTTP/1.1" 401 30 "-" "PostmanRuntime/7.20.1"
::1 - - [20/Dec/2019:02:39:17 +0000] "PATCH /users/5dfb213fdfc55373765955bb HTTP/1.1" 401 30 "-" "PostmanRuntime/7.20.1"
::1 - - [20/Dec/2019:02:39:18 +0000] "PATCH /users/5dfb213fdfc55373765955bb HTTP/1.1" 401 30 "-" "PostmanRuntime/7.20.1"
::1 - - [20/Dec/2019:02:39:27 +0000] "PATCH /users/5dfb213fdfc55373765955bb HTTP/1.1" 401 30 "-" "PostmanRuntime/7.20.1"
::1 - - [20/Dec/2019:02:40:18 +0000] "POST /login HTTP/1.1" 200 504 "-" "PostmanRuntime/7.20.1"
::1 - - [20/Dec/2019:02:40:29 +0000] "PATCH /users/5dfb213fdfc55373765955bb HTTP/1.1" 401 30 "-" "PostmanRuntime/7.20.1"
::1 - - [20/Dec/2019:02:41:45 +0000] "PATCH /users/5dfb213fdfc55373765955bb HTTP/1.1" 401 30 "-" "PostmanRuntime/7.20.1"
::1 - - [20/Dec/2019:02:42:28 +0000] "PATCH /users/5dfb213fdfc55373765955bb HTTP/1.1" 401 30 "-" "PostmanRuntime/7.20.1"
::1 - - [20/Dec/2019:02:42:29 +0000] "PATCH /users/5dfb213fdfc55373765955bb HTTP/1.1" 401 30 "-" "PostmanRuntime/7.20.1"
::1 - - [20/Dec/2019:02:42:32 +0000] "PATCH /users/5dfb213fdfc55373765955bb HTTP/1.1" 401 30 "-" "PostmanRuntime/7.20.1"
::1 - - [20/Dec/2019:02:42:37 +0000] "PATCH /users/5dfb213fdfc55373765955bb HTTP/1.1" 401 30 "-" "PostmanRuntime/7.20.1"
::1 - - [20/Dec/2019:02:42:44 +0000] "PATCH /users/5dfb213fdfc55373765955bb HTTP/1.1" 200 35 "-" "PostmanRuntime/7.20.1"
::1 - - [20/Dec/2019:02:43:17 +0000] "PATCH /users/5dfb213fdfc55373765955bb HTTP/1.1" 200 35 "-" "PostmanRuntime/7.20.1"
::1 - - [20/Dec/2019:02:43:51 +0000] "POST /login HTTP/1.1" 401 35 "-" "PostmanRuntime/7.20.1"
::1 - - [20/Dec/2019:02:44:01 +0000] "POST /login HTTP/1.1" 401 33 "-" "PostmanRuntime/7.20.1"
::1 - - [20/Dec/2019:02:44:07 +0000] "POST /login HTTP/1.1" 200 500 "-" "PostmanRuntime/7.20.1"
::1 - - [20/Dec/2019:02:44:28 +0000] "PATCH /users/5dfc0a8abaa81314b1a17dd7 HTTP/1.1" 401 38 "-" "PostmanRuntime/7.20.1"
::1 - - [20/Dec/2019:02:44:35 +0000] "PATCH /users/5dfb213fdfc55373765955bb HTTP/1.1" 401 38 "-" "PostmanRuntime/7.20.1"
::1 - - [20/Dec/2019:02:45:12 +0000] "PATCH /users/5dfb213fdfc55373765955bb HTTP/1.1" 401 38 "-" "PostmanRuntime/7.20.1"
::1 - - [20/Dec/2019:02:49:05 +0000] "PATCH /users/5dfb213fdfc55373765955bb HTTP/1.1" 401 38 "-" "PostmanRuntime/7.20.1"
::1 - - [20/Dec/2019:02:49:15 +0000] "PATCH /users/5dfb213fdfc55373765955bb HTTP/1.1" 200 35 "-" "PostmanRuntime/7.20.1"
::1 - - [20/Dec/2019:02:49:25 +0000] "PATCH /users/5dfb213fdfc55373765955bb HTTP/1.1" 422 134 "-" "PostmanRuntime/7.20.1"
::1 - - [20/Dec/2019:02:49:30 +0000] "PATCH /users/5dfb213fdfc55373765955bb HTTP/1.1" 200 35 "-" "PostmanRuntime/7.20.1"
::1 - - [20/Dec/2019:02:50:57 +0000] "PATCH /users/5dfb213fdfc55373765955b HTTP/1.1" - - "-" "PostmanRuntime/7.20.1"
::1 - - [20/Dec/2019:02:51:13 +0000] "PATCH /users/5dfb213fdfc55373765955b HTTP/1.1" - - "-" "PostmanRuntime/7.20.1"
::1 - - [20/Dec/2019:02:51:47 +0000] "PATCH /users/5dfb213fdfc55373765955b HTTP/1.1" - - "-" "PostmanRuntime/7.20.1"
::1 - - [20/Dec/2019:02:52:30 +0000] "PATCH /users/5dfb213fdfc55373765955b HTTP/1.1" - - "-" "PostmanRuntime/7.20.1"
::1 - - [20/Dec/2019:02:52:38 +0000] "PATCH /users/5dfb213fdfc55373765955b HTTP/1.1" - - "-" "PostmanRuntime/7.20.1"
::1 - - [20/Dec/2019:02:53:11 +0000] "PATCH /users/5dfb213fdfc55373765955b HTTP/1.1" - - "-" "PostmanRuntime/7.20.1"
::1 - - [20/Dec/2019:02:53:16 +0000] "PATCH /users/5dfb213fdfc55373765955bb HTTP/1.1" 200 35 "-" "PostmanRuntime/7.20.1"
::1 - - [20/Dec/2019:02:54:03 +0000] "PATCH /users/5dfb213fdfc55373765955bv HTTP/1.1" - - "-" "PostmanRuntime/7.20.1"
::1 - - [20/Dec/2019:02:55:07 +0000] "PATCH /users/5dfb213fdfc55373765955bv HTTP/1.1" - - "-" "PostmanRuntime/7.20.1"
::1 - - [20/Dec/2019:02:55:10 +0000] "PATCH /users/5dfb213fdfc55373765955bv HTTP/1.1" - - "-" "PostmanRuntime/7.20.1"
::1 - - [20/Dec/2019:02:55:19 +0000] "PATCH /users/5dfb213fdfc55373765955bv HTTP/1.1" 500 - "-" "PostmanRuntime/7.20.1"
::1 - - [20/Dec/2019:03:27:49 +0000] "PATCH /users/5dfb213fdfc55373765955bv HTTP/1.1" 500 - "-" "PostmanRuntime/7.20.1"
::1 - - [20/Dec/2019:03:27:51 +0000] "PATCH /users/5dfb213fdfc55373765955bv HTTP/1.1" 500 - "-" "PostmanRuntime/7.20.1"
::1 - - [20/Dec/2019:03:28:15 +0000] "PATCH /users/5dfb213fdfc55373765955bv HTTP/1.1" - - "-" "PostmanRuntime/7.20.1"
::1 - - [20/Dec/2019:03:28:58 +0000] "PATCH /users/5dfb213fdfc55373765955bv HTTP/1.1" - - "-" "PostmanRuntime/7.20.1"
::1 - - [20/Dec/2019:03:29:00 +0000] "PATCH /users/5dfb213fdfc55373765955bv HTTP/1.1" - - "-" "PostmanRuntime/7.20.1"
::1 - - [20/Dec/2019:03:29:11 +0000] "PATCH /users/5dfb213fdfc55373765955bv HTTP/1.1" - - "-" "PostmanRuntime/7.20.1"
::1 - - [20/Dec/2019:03:29:18 +0000] "PATCH /users/5dfb213fdfc55373765955bv HTTP/1.1" - - "-" "PostmanRuntime/7.20.1"
::1 - - [20/Dec/2019:03:29:30 +0000] "PATCH /users/5dfb213fdfc55373765955bv HTTP/1.1" - - "-" "PostmanRuntime/7.20.1"
::1 - - [20/Dec/2019:03:29:32 +0000] "PATCH /users/5dfb213fdfc55373765955bb HTTP/1.1" 200 35 "-" "PostmanRuntime/7.20.1"
::1 - - [20/Dec/2019:03:29:46 +0000] "PATCH /users/5dfb213fdfc55373765955bb HTTP/1.1" 200 35 "-" "PostmanRuntime/7.20.1"
::1 - - [20/Dec/2019:03:33:00 +0000] "PATCH /users/5dfb213fdfc55373765955bb HTTP/1.1" 200 35 "-" "PostmanRuntime/7.20.1"
::1 - - [20/Dec/2019:03:33:10 +0000] "PATCH /users/5dfb213fdfc55373765955bc HTTP/1.1" 401 36 "-" "PostmanRuntime/7.20.1"
::1 - - [20/Dec/2019:03:33:54 +0000] "PATCH /users/5dfb213fdfc55373765955bb HTTP/1.1" 200 35 "-" "PostmanRuntime/7.20.1"
::1 - - [20/Dec/2019:03:34:07 +0000] "PATCH /users/5dfb213fdfc55373765955bb HTTP/1.1" 401 29 "-" "PostmanRuntime/7.20.1"
::1 - - [20/Dec/2019:03:35:00 +0000] "PATCH /users/5dfb213fdfc55373765955bb HTTP/1.1" 401 29 "-" "PostmanRuntime/7.20.1"
::1 - - [20/Dec/2019:03:35:01 +0000] "PATCH /users/5dfb213fdfc55373765955bb HTTP/1.1" 401 29 "-" "PostmanRuntime/7.20.1"
::1 - - [20/Dec/2019:03:35:08 +0000] "PATCH /users/5dfb213fdfc55373765955bb HTTP/1.1" 401 29 "-" "PostmanRuntime/7.20.1"
::1 - - [20/Dec/2019:03:35:17 +0000] "PATCH /users/5dfb213fdfc55373765955bb HTTP/1.1" 422 133 "-" "PostmanRuntime/7.20.1"
::1 - - [20/Dec/2019:03:35:23 +0000] "PATCH /users/5dfb213fdfc55373765955bb HTTP/1.1" 200 35 "-" "PostmanRuntime/7.20.1"
